<?xml version="1.0" encoding="UTF-8" ?>
<testsuite failures="0" time="0.361" errors="1" skipped="0" tests="1" name="com.benepia.pojo.paging.TestPagingService">
  <properties>
[...]
</properties>
  <testcase time="0.331" classname="com.benepia.pojo.paging.TestPagingService" name="test_pagingService">
    <error message="com/benepia/common/to/PagingFront" type="java.lang.NoClassDefFoundError">java.lang.NoClassDefFoundError: com/benepia/common/to/PagingFront
	at java.lang.Class.getDeclaredMethods0(Native Method)
	at java.lang.Class.privateGetDeclaredMethods(Class.java:2427)
	at java.lang.Class.getDeclaredMethods(Class.java:1791)
	at org.springframework.beans.factory.annotation.InitDestroyAnnotationBeanPostProcessor.buildLifecycleMetadata(InitDestroyAnnotationBeanPostProcessor.java:194)
	at org.springframework.beans.factory.annotation.InitDestroyAnnotationBeanPostProcessor.findLifecycleMetadata(InitDestroyAnnotationBeanPostProcessor.java:176)
	at org.springframework.beans.factory.annotation.InitDestroyAnnotationBeanPostProcessor.postProcessMergedBeanDefinition(InitDestroyAnnotationBeanPostProcessor.java:122)
	at org.springframework.context.annotation.CommonAnnotationBeanPostProcessor.postProcessMergedBeanDefinition(CommonAnnotationBeanPostProcessor.java:278)
	at org.springframework.beans.factory.support.AbstractAutowireCapableBeanFactory.applyMergedBeanDefinitionPostProcessors(AbstractAutowireCapableBeanFactory.java:798)
	at org.springframework.beans.factory.support.AbstractAutowireCapableBeanFactory.doCreateBean(AbstractAutowireCapableBeanFactory.java:493)
	at org.springframework.beans.factory.support.AbstractAutowireCapableBeanFactory.createBean(AbstractAutowireCapableBeanFactory.java:456)
	at org.springframework.beans.factory.support.AbstractBeanFactory$1.getObject(AbstractBeanFactory.java:293)
	at org.springframework.beans.factory.support.DefaultSingletonBeanRegistry.getSingleton(DefaultSingletonBeanRegistry.java:222)
	at org.springframework.beans.factory.support.AbstractBeanFactory.doGetBean(AbstractBeanFactory.java:290)
	at org.springframework.beans.factory.support.AbstractBeanFactory.getBean(AbstractBeanFactory.java:192)
	at org.springframework.beans.factory.support.DefaultListableBeanFactory.preInstantiateSingletons(DefaultListableBeanFactory.java:585)
	at org.springframework.context.support.AbstractApplicationContext.finishBeanFactoryInitialization(AbstractApplicationContext.java:895)
	at org.springframework.context.support.AbstractApplicationContext.refresh(AbstractApplicationContext.java:425)
	at org.springframework.test.context.support.AbstractGenericContextLoader.loadContext(AbstractGenericContextLoader.java:84)
	at org.springframework.test.context.support.AbstractGenericContextLoader.loadContext(AbstractGenericContextLoader.java:1)
	at org.springframework.test.context.TestContext.loadApplicationContext(TestContext.java:280)
	at org.springframework.test.context.TestContext.getApplicationContext(TestContext.java:304)
	at org.springframework.test.context.support.DependencyInjectionTestExecutionListener.injectDependencies(DependencyInjectionTestExecutionListener.java:109)
	at org.springframework.test.context.support.DependencyInjectionTestExecutionListener.prepareTestInstance(DependencyInjectionTestExecutionListener.java:75)
	at org.springframework.test.context.TestContextManager.prepareTestInstance(TestContextManager.java:321)
	at org.springframework.test.context.junit4.SpringJUnit4ClassRunner.createTest(SpringJUnit4ClassRunner.java:211)
	at org.springframework.test.context.junit4.SpringJUnit4ClassRunner$1.runReflectiveCall(SpringJUnit4ClassRunner.java:287)
	at org.junit.internal.runners.model.ReflectiveCallable.run(ReflectiveCallable.java:15)
	at org.springframework.test.context.junit4.SpringJUnit4ClassRunner.methodBlock(SpringJUnit4ClassRunner.java:289)
	at org.springframework.test.context.junit4.SpringJUnit4ClassRunner.runChild(SpringJUnit4ClassRunner.java:231)
	at org.junit.runners.BlockJUnit4ClassRunner.runChild(BlockJUnit4ClassRunner.java:50)
	at org.junit.runners.ParentRunner$3.run(ParentRunner.java:193)
	at org.junit.runners.ParentRunner$1.schedule(ParentRunner.java:52)
	at org.junit.runners.ParentRunner.runChildren(ParentRunner.java:191)
	at org.junit.runners.ParentRunner.access$000(ParentRunner.java:42)
	at org.junit.runners.ParentRunner$2.evaluate(ParentRunner.java:184)
	at org.springframework.test.context.junit4.statements.RunBeforeTestClassCallbacks.evaluate(RunBeforeTestClassCallbacks.java:61)
	at org.springframework.test.context.junit4.statements.RunAfterTestClassCallbacks.evaluate(RunAfterTestClassCallbacks.java:70)
	at org.junit.runners.ParentRunner.run(ParentRunner.java:236)
	at org.springframework.test.context.junit4.SpringJUnit4ClassRunner.run(SpringJUnit4ClassRunner.java:174)
	at org.apache.maven.surefire.junit4.JUnit4TestSet.execute(JUnit4TestSet.java:53)
	at org.apache.maven.surefire.junit4.JUnit4Provider.executeTestSet(JUnit4Provider.java:123)
	at org.apache.maven.surefire.junit4.JUnit4Provider.invoke(JUnit4Provider.java:104)
	at sun.reflect.NativeMethodAccessorImpl.invoke0(Native Method)
	at sun.reflect.NativeMethodAccessorImpl.invoke(NativeMethodAccessorImpl.java:39)
	at sun.reflect.DelegatingMethodAccessorImpl.invoke(DelegatingMethodAccessorImpl.java:25)
	at java.lang.reflect.Method.invoke(Method.java:597)
	at org.apache.maven.surefire.util.ReflectionUtils.invokeMethodWithArray(ReflectionUtils.java:164)
	at org.apache.maven.surefire.booter.ProviderFactory$ProviderProxy.invoke(ProviderFactory.java:110)
	at org.apache.maven.surefire.booter.SurefireStarter.invokeProvider(SurefireStarter.java:175)
	at org.apache.maven.surefire.booter.SurefireStarter.runSuitesInProcessWhenForked(SurefireStarter.java:107)
	at org.apache.maven.surefire.booter.ForkedBooter.main(ForkedBooter.java:68)
Caused by: java.lang.ClassNotFoundException: com.benepia.common.to.PagingFront
	at java.net.URLClassLoader$1.run(URLClassLoader.java:202)
	at java.security.AccessController.doPrivileged(Native Method)
	at java.net.URLClassLoader.findClass(URLClassLoader.java:190)
	at java.lang.ClassLoader.loadClass(ClassLoader.java:306)
	at sun.misc.Launcher$AppClassLoader.loadClass(Launcher.java:301)
	at java.lang.ClassLoader.loadClass(ClassLoader.java:247)
	... 51 more
</error>
    <system-out>23:54:18,668 DEBUG t.context.junit4.SpringJUnit4ClassRunner: 106 - SpringJUnit4ClassRunner constructor called with [class com.benepia.pojo.paging.TestPagingService].
23:54:18,689  INFO ramework.test.context.TestContextManager: 185 - @TestExecutionListeners is not present for class [class com.benepia.pojo.paging.TestPagingService]: using defaults.
23:54:18,701 DEBUG mework.test.annotation.ProfileValueUtils:  68 - Retrieved @ProfileValueSourceConfiguration [null] for test class [com.benepia.pojo.paging.TestPagingService]
23:54:18,702 DEBUG mework.test.annotation.ProfileValueUtils:  80 - Retrieved ProfileValueSource type [class org.springframework.test.annotation.SystemProfileValueSource] for class [com.benepia.pojo.paging.TestPagingService]
23:54:18,702 DEBUG mework.test.annotation.ProfileValueUtils:  68 - Retrieved @ProfileValueSourceConfiguration [null] for test class [com.benepia.pojo.paging.TestPagingService]
23:54:18,703 DEBUG mework.test.annotation.ProfileValueUtils:  80 - Retrieved ProfileValueSource type [class org.springframework.test.annotation.SystemProfileValueSource] for class [com.benepia.pojo.paging.TestPagingService]
23:54:18,704 DEBUG mework.test.annotation.ProfileValueUtils:  68 - Retrieved @ProfileValueSourceConfiguration [null] for test class [com.benepia.pojo.paging.TestPagingService]
23:54:18,705 DEBUG mework.test.annotation.ProfileValueUtils:  80 - Retrieved ProfileValueSource type [class org.springframework.test.annotation.SystemProfileValueSource] for class [com.benepia.pojo.paging.TestPagingService]
23:54:18,708 DEBUG DependencyInjectionTestExecutionListener:  73 - Performing dependency injection for test context [[TestContext@18a7efd testClass = TestPagingService, locations = array&lt;String&gt;[&apos;classpath:/com/benepia/pojo/paging/TestPagingService-context.xml&apos;], testInstance = com.benepia.pojo.paging.TestPagingService@1971afc, testMethod = [null], testException = [null]]].
23:54:18,708 DEBUG ext.support.AbstractGenericContextLoader:  75 - Loading ApplicationContext for locations [classpath:/com/benepia/pojo/paging/TestPagingService-context.xml].
23:54:18,761  INFO eans.factory.xml.XmlBeanDefinitionReader: 315 - Loading XML bean definitions from class path resource [com/benepia/pojo/paging/TestPagingService-context.xml]
23:54:18,778 DEBUG .beans.factory.xml.DefaultDocumentLoader:  72 - Using JAXP provider [com.sun.org.apache.xerces.internal.jaxp.DocumentBuilderFactoryImpl]
23:54:18,807 DEBUG eans.factory.xml.PluggableSchemaResolver: 140 - Loading schema mappings from [META-INF/spring.schemas]
23:54:18,809 DEBUG eans.factory.xml.PluggableSchemaResolver: 146 - Loaded schema mappings: {http://www.springframework.org/schema/lang/spring-lang-2.5.xsd=org/springframework/scripting/config/spring-lang-2.5.xsd, http://www.springframework.org/schema/lang/spring-lang.xsd=org/springframework/scripting/config/spring-lang-3.0.xsd, http://www.springframework.org/schema/context/spring-context-2.5.xsd=org/springframework/context/config/spring-context-2.5.xsd, http://www.springframework.org/schema/util/spring-util-3.0.xsd=org/springframework/beans/factory/xml/spring-util-3.0.xsd, http://www.springframework.org/schema/context/spring-context.xsd=org/springframework/context/config/spring-context-3.0.xsd, http://www.springframework.org/schema/aop/spring-aop.xsd=org/springframework/aop/config/spring-aop-3.0.xsd, http://www.springframework.org/schema/util/spring-util-2.0.xsd=org/springframework/beans/factory/xml/spring-util-2.0.xsd, http://www.springframework.org/schema/task/spring-task-3.0.xsd=org/springframework/scheduling/config/spring-task-3.0.xsd, http://www.springframework.org/schema/util/spring-util-2.5.xsd=org/springframework/beans/factory/xml/spring-util-2.5.xsd, http://www.springframework.org/schema/tool/spring-tool-3.0.xsd=org/springframework/beans/factory/xml/spring-tool-3.0.xsd, http://www.springframework.org/schema/tool/spring-tool-2.0.xsd=org/springframework/beans/factory/xml/spring-tool-2.0.xsd, http://www.springframework.org/schema/context/spring-context-3.0.xsd=org/springframework/context/config/spring-context-3.0.xsd, http://www.springframework.org/schema/task/spring-task.xsd=org/springframework/scheduling/config/spring-task-3.0.xsd, http://www.springframework.org/schema/tool/spring-tool-2.5.xsd=org/springframework/beans/factory/xml/spring-tool-2.5.xsd, http://www.springframework.org/schema/beans/spring-beans-2.0.xsd=org/springframework/beans/factory/xml/spring-beans-2.0.xsd, http://www.springframework.org/schema/beans/spring-beans.xsd=org/springframework/beans/factory/xml/spring-beans-3.0.xsd, http://www.springframework.org/schema/beans/spring-beans-2.5.xsd=org/springframework/beans/factory/xml/spring-beans-2.5.xsd, http://www.springframework.org/schema/jee/spring-jee.xsd=org/springframework/ejb/config/spring-jee-3.0.xsd, http://www.springframework.org/schema/tool/spring-tool.xsd=org/springframework/beans/factory/xml/spring-tool-3.0.xsd, http://www.springframework.org/schema/aop/spring-aop-3.0.xsd=org/springframework/aop/config/spring-aop-3.0.xsd, http://www.springframework.org/schema/jee/spring-jee-3.0.xsd=org/springframework/ejb/config/spring-jee-3.0.xsd, http://www.springframework.org/schema/jee/spring-jee-2.0.xsd=org/springframework/ejb/config/spring-jee-2.0.xsd, http://www.springframework.org/schema/aop/spring-aop-2.0.xsd=org/springframework/aop/config/spring-aop-2.0.xsd, http://www.springframework.org/schema/aop/spring-aop-2.5.xsd=org/springframework/aop/config/spring-aop-2.5.xsd, http://www.springframework.org/schema/jee/spring-jee-2.5.xsd=org/springframework/ejb/config/spring-jee-2.5.xsd, http://www.springframework.org/schema/beans/spring-beans-3.0.xsd=org/springframework/beans/factory/xml/spring-beans-3.0.xsd, http://www.springframework.org/schema/lang/spring-lang-3.0.xsd=org/springframework/scripting/config/spring-lang-3.0.xsd, http://www.springframework.org/schema/lang/spring-lang-2.0.xsd=org/springframework/scripting/config/spring-lang-2.0.xsd, http://www.springframework.org/schema/util/spring-util.xsd=org/springframework/beans/factory/xml/spring-util-3.0.xsd}
23:54:18,811 DEBUG eans.factory.xml.PluggableSchemaResolver: 118 - Found XML schema [http://www.springframework.org/schema/beans/spring-beans.xsd] in classpath: org/springframework/beans/factory/xml/spring-beans-3.0.xsd
23:54:18,845 DEBUG .xml.DefaultBeanDefinitionDocumentReader:  87 - Loading bean definitions
23:54:18,857  INFO eans.factory.xml.XmlBeanDefinitionReader: 315 - Loading XML bean definitions from class path resource [META-INF/spring/app-context.xml]
23:54:18,858 DEBUG .beans.factory.xml.DefaultDocumentLoader:  72 - Using JAXP provider [com.sun.org.apache.xerces.internal.jaxp.DocumentBuilderFactoryImpl]
23:54:18,860 DEBUG eans.factory.xml.PluggableSchemaResolver: 118 - Found XML schema [http://www.springframework.org/schema/beans/spring-beans-3.0.xsd] in classpath: org/springframework/beans/factory/xml/spring-beans-3.0.xsd
23:54:18,873 DEBUG eans.factory.xml.PluggableSchemaResolver: 118 - Found XML schema [http://www.springframework.org/schema/context/spring-context-3.0.xsd] in classpath: org/springframework/context/config/spring-context-3.0.xsd
23:54:18,877 DEBUG eans.factory.xml.PluggableSchemaResolver: 118 - Found XML schema [http://www.springframework.org/schema/tool/spring-tool-3.0.xsd] in classpath: org/springframework/beans/factory/xml/spring-tool-3.0.xsd
23:54:18,880 DEBUG .xml.DefaultBeanDefinitionDocumentReader:  87 - Loading bean definitions
23:54:18,886 DEBUG tory.xml.DefaultNamespaceHandlerResolver: 156 - Loaded NamespaceHandler mappings: {http://www.springframework.org/schema/p=org.springframework.beans.factory.xml.SimplePropertyNamespaceHandler, http://www.springframework.org/schema/lang=org.springframework.scripting.config.LangNamespaceHandler, http://www.springframework.org/schema/jee=org.springframework.ejb.config.JeeNamespaceHandler, http://www.springframework.org/schema/aop=org.springframework.aop.config.AopNamespaceHandler, http://www.springframework.org/schema/util=org.springframework.beans.factory.xml.UtilNamespaceHandler, http://www.springframework.org/schema/task=org.springframework.scheduling.config.TaskNamespaceHandler, http://www.springframework.org/schema/context=org.springframework.context.config.ContextNamespaceHandler}
23:54:18,906 DEBUG port.PathMatchingResourcePatternResolver: 552 - Looking for matching resources in directory tree [D:\work\workspace\PojoTest\target\test-classes\com\benepia\pojo]
23:54:18,907 DEBUG port.PathMatchingResourcePatternResolver: 614 - Searching directory [D:\work\workspace\PojoTest\target\test-classes\com\benepia\pojo] for files matching pattern [D:/work/workspace/PojoTest/target/test-classes/com/benepia/pojo/**/*.class]
23:54:18,909 DEBUG port.PathMatchingResourcePatternResolver: 614 - Searching directory [D:\work\workspace\PojoTest\target\test-classes\com\benepia\pojo\admin] for files matching pattern [D:/work/workspace/PojoTest/target/test-classes/com/benepia/pojo/**/*.class]
23:54:18,910 DEBUG port.PathMatchingResourcePatternResolver: 614 - Searching directory [D:\work\workspace\PojoTest\target\test-classes\com\benepia\pojo\admin\adjustment] for files matching pattern [D:/work/workspace/PojoTest/target/test-classes/com/benepia/pojo/**/*.class]
23:54:18,911 DEBUG port.PathMatchingResourcePatternResolver: 614 - Searching directory [D:\work\workspace\PojoTest\target\test-classes\com\benepia\pojo\admin\adjustment\bill] for files matching pattern [D:/work/workspace/PojoTest/target/test-classes/com/benepia/pojo/**/*.class]
23:54:18,912 DEBUG port.PathMatchingResourcePatternResolver: 614 - Searching directory [D:\work\workspace\PojoTest\target\test-classes\com\benepia\pojo\admin\adjustment\bill\service] for files matching pattern [D:/work/workspace/PojoTest/target/test-classes/com/benepia/pojo/**/*.class]
23:54:18,916 DEBUG port.PathMatchingResourcePatternResolver: 614 - Searching directory [D:\work\workspace\PojoTest\target\test-classes\com\benepia\pojo\paging] for files matching pattern [D:/work/workspace/PojoTest/target/test-classes/com/benepia/pojo/**/*.class]
23:54:18,918 DEBUG port.PathMatchingResourcePatternResolver: 552 - Looking for matching resources in directory tree [D:\work\workspace\PojoTest\target\classes\com\benepia\pojo]
23:54:18,919 DEBUG port.PathMatchingResourcePatternResolver: 614 - Searching directory [D:\work\workspace\PojoTest\target\classes\com\benepia\pojo] for files matching pattern [D:/work/workspace/PojoTest/target/classes/com/benepia/pojo/**/*.class]
23:54:18,919 DEBUG port.PathMatchingResourcePatternResolver: 614 - Searching directory [D:\work\workspace\PojoTest\target\classes\com\benepia\pojo\admin] for files matching pattern [D:/work/workspace/PojoTest/target/classes/com/benepia/pojo/**/*.class]
23:54:18,920 DEBUG port.PathMatchingResourcePatternResolver: 614 - Searching directory [D:\work\workspace\PojoTest\target\classes\com\benepia\pojo\admin\adjustment] for files matching pattern [D:/work/workspace/PojoTest/target/classes/com/benepia/pojo/**/*.class]
23:54:18,921 DEBUG port.PathMatchingResourcePatternResolver: 614 - Searching directory [D:\work\workspace\PojoTest\target\classes\com\benepia\pojo\admin\adjustment\bill] for files matching pattern [D:/work/workspace/PojoTest/target/classes/com/benepia/pojo/**/*.class]
23:54:18,921 DEBUG port.PathMatchingResourcePatternResolver: 614 - Searching directory [D:\work\workspace\PojoTest\target\classes\com\benepia\pojo\admin\adjustment\bill\service] for files matching pattern [D:/work/workspace/PojoTest/target/classes/com/benepia/pojo/**/*.class]
23:54:18,925 DEBUG port.PathMatchingResourcePatternResolver: 614 - Searching directory [D:\work\workspace\PojoTest\target\classes\com\benepia\pojo\paging] for files matching pattern [D:/work/workspace/PojoTest/target/classes/com/benepia/pojo/**/*.class]
23:54:18,927 DEBUG port.PathMatchingResourcePatternResolver: 353 - Resolved location pattern [classpath*:com/benepia/pojo/**/*.class] to resources [file [D:\work\workspace\PojoTest\target\test-classes\com\benepia\pojo\admin\adjustment\bill\service\TestBankTelegram.class], file [D:\work\workspace\PojoTest\target\test-classes\com\benepia\pojo\ExampleConfigurationTests.class], file [D:\work\workspace\PojoTest\target\test-classes\com\benepia\pojo\ExampleServiceTests.class], file [D:\work\workspace\PojoTest\target\test-classes\com\benepia\pojo\paging\TestPagingService.class], file [D:\work\workspace\PojoTest\target\classes\com\benepia\pojo\ExampleService.class], file [D:\work\workspace\PojoTest\target\classes\com\benepia\pojo\paging\PagingService.class], file [D:\work\workspace\PojoTest\target\classes\com\benepia\pojo\paging\PagingServiceImpl.class], file [D:\work\workspace\PojoTest\target\classes\com\benepia\pojo\Service.class]]
23:54:18,949 DEBUG nnotation.ClassPathBeanDefinitionScanner: 220 - Identified candidate component class: file [D:\work\workspace\PojoTest\target\classes\com\benepia\pojo\ExampleService.class]
23:54:18,950 DEBUG nnotation.ClassPathBeanDefinitionScanner: 220 - Identified candidate component class: file [D:\work\workspace\PojoTest\target\classes\com\benepia\pojo\paging\PagingServiceImpl.class]
23:54:18,961 DEBUG eans.factory.xml.XmlBeanDefinitionReader: 185 - Loaded 6 bean definitions from location pattern [classpath:/META-INF/spring/app-context.xml]
23:54:18,961 DEBUG .xml.DefaultBeanDefinitionDocumentReader: 188 - Imported 6 bean definitions from URL location [classpath:/META-INF/spring/app-context.xml]
23:54:18,962 DEBUG eans.factory.xml.XmlBeanDefinitionReader: 185 - Loaded 6 bean definitions from location pattern [classpath:/com/benepia/pojo/paging/TestPagingService-context.xml]
23:54:18,964  INFO ontext.support.GenericApplicationContext: 456 - Refreshing org.springframework.context.support.GenericApplicationContext@12a54f9: startup date [Thu Oct 10 23:54:18 KST 2013]; root of context hierarchy
23:54:18,964 DEBUG ontext.support.GenericApplicationContext: 470 - Bean factory for org.springframework.context.support.GenericApplicationContext@12a54f9: org.springframework.beans.factory.support.DefaultListableBeanFactory@e32802: defining beans [exampleService,pagingServiceImpl,org.springframework.context.annotation.internalConfigurationAnnotationProcessor,org.springframework.context.annotation.internalAutowiredAnnotationProcessor,org.springframework.context.annotation.internalRequiredAnnotationProcessor,org.springframework.context.annotation.internalCommonAnnotationProcessor]; root of factory hierarchy
23:54:18,977 DEBUG ctory.support.DefaultListableBeanFactory: 214 - Creating shared instance of singleton bean &apos;org.springframework.context.annotation.internalConfigurationAnnotationProcessor&apos;
23:54:18,977 DEBUG ctory.support.DefaultListableBeanFactory: 430 - Creating instance of bean &apos;org.springframework.context.annotation.internalConfigurationAnnotationProcessor&apos;
23:54:18,995 DEBUG ctory.support.DefaultListableBeanFactory: 504 - Eagerly caching bean &apos;org.springframework.context.annotation.internalConfigurationAnnotationProcessor&apos; to allow for resolving potential circular references
23:54:18,996 DEBUG ctory.support.DefaultListableBeanFactory: 458 - Finished creating instance of bean &apos;org.springframework.context.annotation.internalConfigurationAnnotationProcessor&apos;
23:54:19,010 DEBUG ctory.support.DefaultListableBeanFactory: 214 - Creating shared instance of singleton bean &apos;org.springframework.context.annotation.internalAutowiredAnnotationProcessor&apos;
23:54:19,011 DEBUG ctory.support.DefaultListableBeanFactory: 430 - Creating instance of bean &apos;org.springframework.context.annotation.internalAutowiredAnnotationProcessor&apos;
23:54:19,011 DEBUG ctory.support.DefaultListableBeanFactory: 504 - Eagerly caching bean &apos;org.springframework.context.annotation.internalAutowiredAnnotationProcessor&apos; to allow for resolving potential circular references
23:54:19,012 DEBUG ctory.support.DefaultListableBeanFactory: 458 - Finished creating instance of bean &apos;org.springframework.context.annotation.internalAutowiredAnnotationProcessor&apos;
23:54:19,012 DEBUG ctory.support.DefaultListableBeanFactory: 214 - Creating shared instance of singleton bean &apos;org.springframework.context.annotation.internalRequiredAnnotationProcessor&apos;
23:54:19,012 DEBUG ctory.support.DefaultListableBeanFactory: 430 - Creating instance of bean &apos;org.springframework.context.annotation.internalRequiredAnnotationProcessor&apos;
23:54:19,013 DEBUG ctory.support.DefaultListableBeanFactory: 504 - Eagerly caching bean &apos;org.springframework.context.annotation.internalRequiredAnnotationProcessor&apos; to allow for resolving potential circular references
23:54:19,013 DEBUG ctory.support.DefaultListableBeanFactory: 458 - Finished creating instance of bean &apos;org.springframework.context.annotation.internalRequiredAnnotationProcessor&apos;
23:54:19,013 DEBUG ctory.support.DefaultListableBeanFactory: 214 - Creating shared instance of singleton bean &apos;org.springframework.context.annotation.internalCommonAnnotationProcessor&apos;
23:54:19,014 DEBUG ctory.support.DefaultListableBeanFactory: 430 - Creating instance of bean &apos;org.springframework.context.annotation.internalCommonAnnotationProcessor&apos;
23:54:19,017 DEBUG ctory.support.DefaultListableBeanFactory: 504 - Eagerly caching bean &apos;org.springframework.context.annotation.internalCommonAnnotationProcessor&apos; to allow for resolving potential circular references
23:54:19,017 DEBUG ctory.support.DefaultListableBeanFactory: 458 - Finished creating instance of bean &apos;org.springframework.context.annotation.internalCommonAnnotationProcessor&apos;
23:54:19,020 DEBUG ontext.support.GenericApplicationContext: 776 - Unable to locate MessageSource with name &apos;messageSource&apos;: using default [org.springframework.context.support.DelegatingMessageSource@1cd0888]
23:54:19,022 DEBUG ontext.support.GenericApplicationContext: 800 - Unable to locate ApplicationEventMulticaster with name &apos;applicationEventMulticaster&apos;: using default [org.springframework.context.event.SimpleApplicationEventMulticaster@e95a56]
23:54:19,023  INFO ctory.support.DefaultListableBeanFactory: 557 - Pre-instantiating singletons in org.springframework.beans.factory.support.DefaultListableBeanFactory@e32802: defining beans [exampleService,pagingServiceImpl,org.springframework.context.annotation.internalConfigurationAnnotationProcessor,org.springframework.context.annotation.internalAutowiredAnnotationProcessor,org.springframework.context.annotation.internalRequiredAnnotationProcessor,org.springframework.context.annotation.internalCommonAnnotationProcessor]; root of factory hierarchy
23:54:19,023 DEBUG ctory.support.DefaultListableBeanFactory: 214 - Creating shared instance of singleton bean &apos;exampleService&apos;
23:54:19,023 DEBUG ctory.support.DefaultListableBeanFactory: 430 - Creating instance of bean &apos;exampleService&apos;
23:54:19,025 DEBUG ctory.support.DefaultListableBeanFactory: 504 - Eagerly caching bean &apos;exampleService&apos; to allow for resolving potential circular references
23:54:19,032 DEBUG ctory.support.DefaultListableBeanFactory: 458 - Finished creating instance of bean &apos;exampleService&apos;
23:54:19,032 DEBUG ctory.support.DefaultListableBeanFactory: 214 - Creating shared instance of singleton bean &apos;pagingServiceImpl&apos;
23:54:19,034 DEBUG ctory.support.DefaultListableBeanFactory: 430 - Creating instance of bean &apos;pagingServiceImpl&apos;
</system-out>
  </testcase>
</testsuite>